Using pre-set license
Built from '2022.1/release' branch; Version is '2022.1.0f1 (369b620af41c) revision 3578722'; Using compiler version '192829333'; Build Type 'Release'
OS: 'Windows 11  (10.0.22000) 64bit CoreSingleLanguage' Language: 'en' Physical Memory: 8023 MB
BatchMode: 1, IsHumanControllingUs: 0, StartBugReporterOnCrash: 0, Is64bit: 1, IsPro: 1

COMMAND LINE ARGUMENTS:
C:\Program Files\Unity\Hub\Editor\2022.1.0f1\Editor\Unity.exe
-adb2
-batchMode
-noUpm
-name
AssetImportWorker0
-projectPath
D:/20trieu/DMPLK
-logFile
Logs/AssetImportWorker0.log
-srvPort
56197
Successfully changed project path to: D:/20trieu/DMPLK
D:/20trieu/DMPLK
[UnityMemory] Configuration Parameters - Can be set up in boot.config
    "memorysetup-bucket-allocator-granularity=16"
    "memorysetup-bucket-allocator-bucket-count=8"
    "memorysetup-bucket-allocator-block-size=33554432"
    "memorysetup-bucket-allocator-block-count=8"
    "memorysetup-main-allocator-block-size=16777216"
    "memorysetup-thread-allocator-block-size=16777216"
    "memorysetup-gfx-main-allocator-block-size=16777216"
    "memorysetup-gfx-thread-allocator-block-size=16777216"
    "memorysetup-cache-allocator-block-size=4194304"
    "memorysetup-typetree-allocator-block-size=2097152"
    "memorysetup-profiler-bucket-allocator-granularity=16"
    "memorysetup-profiler-bucket-allocator-bucket-count=8"
    "memorysetup-profiler-bucket-allocator-block-size=33554432"
    "memorysetup-profiler-bucket-allocator-block-count=8"
    "memorysetup-profiler-allocator-block-size=16777216"
    "memorysetup-profiler-editor-allocator-block-size=1048576"
    "memorysetup-temp-allocator-size-main=16777216"
    "memorysetup-job-temp-allocator-block-size=2097152"
    "memorysetup-job-temp-allocator-block-size-background=1048576"
    "memorysetup-job-temp-allocator-reduction-small-platforms=262144"
    "memorysetup-temp-allocator-size-background-worker=32768"
    "memorysetup-temp-allocator-size-job-worker=262144"
    "memorysetup-temp-allocator-size-preload-manager=33554432"
    "memorysetup-temp-allocator-size-nav-mesh-worker=65536"
    "memorysetup-temp-allocator-size-audio-worker=65536"
    "memorysetup-temp-allocator-size-cloud-worker=32768"
    "memorysetup-temp-allocator-size-gi-baking-worker=262144"
    "memorysetup-temp-allocator-size-gfx=262144"
Refreshing native plugins compatible for Editor in 98.18 ms, found 3 plugins.
Preloading 0 native plugins for Editor in 0.00 ms.
Initialize engine version: 2022.1.0f1 (369b620af41c)
[Subsystems] Discovering subsystems at path C:/Program Files/Unity/Hub/Editor/2022.1.0f1/Editor/Data/Resources/UnitySubsystems
[Subsystems] Discovering subsystems at path D:/20trieu/DMPLK/Assets
GfxDevice: creating device client; threaded=0; jobified=0
Direct3D:
    Version:  Direct3D 11.0 [level 11.1]
    Renderer: NVIDIA GeForce GTX 1650 Ti (ID=0x1f95)
    Vendor:   NVIDIA
    VRAM:     3962 MB
    Driver:   30.0.15.1277
Invalid texture used for cursor - check importer settings or texture creation. Texture must be RGBA32, readable, have alphaIsTransparency enabled and have no mip chain.
0x00007ff7569efedd (Unity) StackWalker::GetCurrentCallstack
0x00007ff7569f6c59 (Unity) StackWalker::ShowCallstack
0x00007ff757998ba3 (Unity) GetStacktrace
0x00007ff75803fd13 (Unity) DebugStringToFile
0x00007ff756553d04 (Unity) Cursors::ValidateCursor
0x00007ff758064e90 (Unity) PlayerSettings::InitDefaultCursors
0x00007ff75806568f (Unity) PlayerSettings::PostInitializeClass
0x00007ff75629150b (Unity) TypeManager::CallPostInitializeTypes
0x00007ff7565bba29 (Unity) InitializeEngineGraphics
0x00007ff75752b600 (Unity) Application::InitializeProject
0x00007ff7579a32cb (Unity) WinMain
0x00007ff758cefc8e (Unity) __scrt_common_main_seh
0x00007ffe791054e0 (KERNEL32) BaseThreadInitThunk
0x00007ffe7ae6485b (ntdll) RtlUserThreadStart

Initialize mono
Mono path[0] = 'C:/Program Files/Unity/Hub/Editor/2022.1.0f1/Editor/Data/Managed'
Mono path[1] = 'C:/Program Files/Unity/Hub/Editor/2022.1.0f1/Editor/Data/MonoBleedingEdge/lib/mono/unityjit-win32'
Mono config path = 'C:/Program Files/Unity/Hub/Editor/2022.1.0f1/Editor/Data/MonoBleedingEdge/etc'
Using monoOptions --debugger-agent=transport=dt_socket,embedding=1,server=y,suspend=n,address=127.0.0.1:56684
Begin MonoManager ReloadAssembly
Registering precompiled unity dll's ...
Register platform support module: C:/Program Files/Unity/Hub/Editor/2022.1.0f1/Editor/Data/PlaybackEngines/WebGLSupport/UnityEditor.WebGL.Extensions.dll
Register platform support module: C:/Program Files/Unity/Hub/Editor/2022.1.0f1/Editor/Data/PlaybackEngines/AndroidPlayer/UnityEditor.Android.Extensions.dll
Register platform support module: C:/Program Files/Unity/Hub/Editor/2022.1.0f1/Editor/Data/PlaybackEngines/WindowsStandaloneSupport/UnityEditor.WindowsStandalone.Extensions.dll
Registered in 0.012396 seconds.
Native extension for WindowsStandalone target not found
Native extension for Android target not found
Native extension for WebGL target not found
Refreshing native plugins compatible for Editor in 83.63 ms, found 3 plugins.
Preloading 0 native plugins for Editor in 0.00 ms.
Mono: successfully reloaded assembly
- Completed reload, in  1.619 seconds
Domain Reload Profiling:
	ReloadAssembly (1620ms)
		BeginReloadAssembly (512ms)
			ExecutionOrderSort (0ms)
			DisableScriptedObjects (0ms)
			BackupInstance (0ms)
			ReleaseScriptingObjects (0ms)
			CreateAndSetChildDomain (1ms)
		EndReloadAssembly (891ms)
			LoadAssemblies (511ms)
			RebuildTransferFunctionScriptingTraits (1ms)
			SetupTypeCache (275ms)
				TypeCache.Initialize (274ms)
					TypeCache.ScanAssembly (272ms)
				ResolveRequiredComponents (1ms)
			ReleaseScriptCaches (0ms)
			RebuildScriptCaches (48ms)
			SetupLoadedEditorAssemblies (458ms)
				LogAssemblyErrors (0ms)
				InitializePlatformSupportModulesInManaged (95ms)
				SetLoadedEditorAssemblies (15ms)
				RefreshPlugins (84ms)
				BeforeProcessingInitializeOnLoad (2ms)
				ProcessInitializeOnLoadAttributes (192ms)
				ProcessInitializeOnLoadMethodAttributes (70ms)
				AfterProcessingInitializeOnLoad (0ms)
				EditorAssembliesLoaded (0ms)
			ExecutionOrderSort2 (0ms)
			AwakeInstancesAfterBackupRestoration (0ms)
Platform modules already initialized, skipping
Registering precompiled user dll's ...
Registered in 0.014575 seconds.
Begin MonoManager ReloadAssembly
Native extension for WindowsStandalone target not found
Native extension for Android target not found
Native extension for WebGL target not found
Refreshing native plugins compatible for Editor in 168.97 ms, found 3 plugins.
Preloading 0 native plugins for Editor in 0.00 ms.
Mono: successfully reloaded assembly
- Completed reload, in  9.288 seconds
Domain Reload Profiling:
	ReloadAssembly (9290ms)
		BeginReloadAssembly (802ms)
			ExecutionOrderSort (0ms)
			DisableScriptedObjects (16ms)
			BackupInstance (0ms)
			ReleaseScriptingObjects (0ms)
			CreateAndSetChildDomain (317ms)
		EndReloadAssembly (7714ms)
			LoadAssemblies (1057ms)
			RebuildTransferFunctionScriptingTraits (0ms)
			SetupTypeCache (4076ms)
				TypeCache.Initialize (4039ms)
					TypeCache.ScanAssembly (3975ms)
				ResolveRequiredComponents (37ms)
			ReleaseScriptCaches (1ms)
			RebuildScriptCaches (252ms)
			SetupLoadedEditorAssemblies (2026ms)
				LogAssemblyErrors (0ms)
				InitializePlatformSupportModulesInManaged (84ms)
				SetLoadedEditorAssemblies (24ms)
				RefreshPlugins (169ms)
				BeforeProcessingInitializeOnLoad (179ms)
				ProcessInitializeOnLoadAttributes (1322ms)
				ProcessInitializeOnLoadMethodAttributes (233ms)
				AfterProcessingInitializeOnLoad (14ms)
				EditorAssembliesLoaded (0ms)
			ExecutionOrderSort2 (0ms)
			AwakeInstancesAfterBackupRestoration (17ms)
Platform modules already initialized, skipping
========================================================================
Worker process is ready to serve import requests
Launched and connected shader compiler UnityShaderCompiler.exe after 0.21 seconds
Refreshing native plugins compatible for Editor in 3.75 ms, found 3 plugins.
Preloading 0 native plugins for Editor in 0.00 ms.
Unloading 2770 Unused Serialized files (Serialized files now loaded: 0)
Unloading 61 unused Assets / (140.7 KB). Loaded Objects now: 3223.
Memory consumption went from 453.9 MB to 453.8 MB.
Total: 8.902700 ms (FindLiveObjects: 0.860100 ms CreateObjectMapping: 0.619900 ms MarkObjects: 7.243400 ms  DeleteObjects: 0.176300 ms)

AssetImportParameters requested are different than current active one (requested -> active):
  custom:video-decoder-ogg-theora: a1e56fd34408186e4bbccfd4996cb3dc -> 
  custom:container-muxer-webm: aa71ff27fc2769a1b78a27578f13a17b -> 
  custom:container-demuxer-webm: 4f35f7cbe854078d1ac9338744f61a02 -> 
  custom:video-encoder-webm-vp8: eb34c28f22e8b96e1ab97ce403110664 -> 
  custom:audio-encoder-webm-vorbis: bf7c407c2cedff20999df2af8eb42d56 -> 
  custom:framework-win-MediaFoundation: 216162199b28c13a410421893ffa2e32 -> 
  custom:container-demuxer-ogg: 62fdf1f143b41e24485cea50d1cbac27 -> 
  custom:video-decoder-webm-vp8: 9c59270c3fd7afecdb556c50c9e8de78 -> 
  custom:audio-decoder-ogg-vorbis: bf7c407c2cedff20999df2af8eb42d56 -> 
========================================================================
Received Import Request.
  Time since last request: 391328.117953 seconds.
  path: Assets/Scripts/OffsetScroll.cs
  artifactKey: Guid(2d07d123eed8d264491aff2e0d04d873) Importer(815301076,1909f56bfc062723c751e8b465ee728b)
Start importing Assets/Scripts/OffsetScroll.cs using Guid(2d07d123eed8d264491aff2e0d04d873) Importer(815301076,1909f56bfc062723c751e8b465ee728b)  -> (artifact id: '00000000000000000000000000000000') in 0.034350 seconds  code(4) message(Build asset version error: assets/scripts/offsetscroll.cs in SourceAssetDB has modification time of '2022-05-29T03:06:31.5780789Z' while content on disk has modification time of '2022-05-31T04:41:04.3700798Z')
  ERROR: Build asset version error: assets/scripts/offsetscroll.cs in SourceAssetDB has modification time of '2022-05-29T03:06:31.5780789Z' while content on disk has modification time of '2022-05-31T04:41:04.3700798Z'
========================================================================
Received Prepare
Registering precompiled user dll's ...
Registered in 0.013367 seconds.
Begin MonoManager ReloadAssembly
Native extension for WindowsStandalone target not found
Native extension for Android target not found
Native extension for WebGL target not found
Refreshing native plugins compatible for Editor in 3.59 ms, found 3 plugins.
Preloading 0 native plugins for Editor in 0.00 ms.
Mono: successfully reloaded assembly
- Completed reload, in  3.176 seconds
Domain Reload Profiling:
	ReloadAssembly (3177ms)
		BeginReloadAssembly (385ms)
			ExecutionOrderSort (0ms)
			DisableScriptedObjects (13ms)
			BackupInstance (0ms)
			ReleaseScriptingObjects (0ms)
			CreateAndSetChildDomain (75ms)
		EndReloadAssembly (2510ms)
			LoadAssemblies (363ms)
			RebuildTransferFunctionScriptingTraits (0ms)
			SetupTypeCache (727ms)
				TypeCache.Initialize (716ms)
					TypeCache.ScanAssembly (704ms)
				ResolveRequiredComponents (11ms)
			ReleaseScriptCaches (3ms)
			RebuildScriptCaches (96ms)
			SetupLoadedEditorAssemblies (1301ms)
				LogAssemblyErrors (0ms)
				InitializePlatformSupportModulesInManaged (365ms)
				SetLoadedEditorAssemblies (27ms)
				RefreshPlugins (4ms)
				BeforeProcessingInitializeOnLoad (244ms)
				ProcessInitializeOnLoadAttributes (584ms)
				ProcessInitializeOnLoadMethodAttributes (71ms)
				AfterProcessingInitializeOnLoad (6ms)
				EditorAssembliesLoaded (0ms)
			ExecutionOrderSort2 (0ms)
			AwakeInstancesAfterBackupRestoration (13ms)
Platform modules already initialized, skipping
Refreshing native plugins compatible for Editor in 7.57 ms, found 3 plugins.
Preloading 0 native plugins for Editor in 0.00 ms.
Unloading 2744 Unused Serialized files (Serialized files now loaded: 0)
Unloading 36 unused Assets / (106.8 KB). Loaded Objects now: 3238.
Memory consumption went from 448.7 MB to 448.6 MB.
Total: 7.448900 ms (FindLiveObjects: 0.409200 ms CreateObjectMapping: 0.338200 ms MarkObjects: 6.517900 ms  DeleteObjects: 0.181000 ms)

AssetImportParameters requested are different than current active one (requested -> active):
  custom:video-decoder-ogg-theora: a1e56fd34408186e4bbccfd4996cb3dc -> 
  custom:container-muxer-webm: aa71ff27fc2769a1b78a27578f13a17b -> 
  custom:container-demuxer-webm: 4f35f7cbe854078d1ac9338744f61a02 -> 
  custom:video-encoder-webm-vp8: eb34c28f22e8b96e1ab97ce403110664 -> 
  custom:audio-encoder-webm-vorbis: bf7c407c2cedff20999df2af8eb42d56 -> 
  custom:framework-win-MediaFoundation: 216162199b28c13a410421893ffa2e32 -> 
  custom:container-demuxer-ogg: 62fdf1f143b41e24485cea50d1cbac27 -> 
  custom:video-decoder-webm-vp8: 9c59270c3fd7afecdb556c50c9e8de78 -> 
  custom:audio-decoder-ogg-vorbis: bf7c407c2cedff20999df2af8eb42d56 -> 
========================================================================
Received Import Request.
  Time since last request: 23.466875 seconds.
  path: Assets/Scripts/OffsetScroll.cs
  artifactKey: Guid(2d07d123eed8d264491aff2e0d04d873) Importer(815301076,1909f56bfc062723c751e8b465ee728b)
Start importing Assets/Scripts/OffsetScroll.cs using Guid(2d07d123eed8d264491aff2e0d04d873) Importer(815301076,1909f56bfc062723c751e8b465ee728b)  -> (artifact id: 'd4df87705df65699a65ed49a6ced9a19') in 0.072934 seconds 
========================================================================
Received Import Request.
  Time since last request: 21.370285 seconds.
  path: Assets/Scenes/muaxuan.unity
  artifactKey: Guid(af18c1e87fa8d5f4cb1928e1d8b3a14b) Importer(815301076,1909f56bfc062723c751e8b465ee728b)
Start importing Assets/Scenes/muaxuan.unity using Guid(af18c1e87fa8d5f4cb1928e1d8b3a14b) Importer(815301076,1909f56bfc062723c751e8b465ee728b)  -> (artifact id: '90cfb4e428316d5decd1f8c32fdd5663') in 0.007260 seconds 
========================================================================
Received Import Request.
  Time since last request: 28.049478 seconds.
  path: Assets/Resources/Images/win game-01.png
  artifactKey: Guid(cbe98290a6823ad40b867a52ae81c9ba) Importer(815301076,1909f56bfc062723c751e8b465ee728b)
Start importing Assets/Resources/Images/win game-01.png using Guid(cbe98290a6823ad40b867a52ae81c9ba) Importer(815301076,1909f56bfc062723c751e8b465ee728b)  -> (artifact id: 'fd9fe6794e3dd376604052b362c68467') in 0.342372 seconds 
========================================================================
Received Import Request.
  Time since last request: 14.929263 seconds.
  path: Assets/Resources/Images/win game-01.png
  artifactKey: Guid(cbe98290a6823ad40b867a52ae81c9ba) Importer(815301076,1909f56bfc062723c751e8b465ee728b)
Start importing Assets/Resources/Images/win game-01.png using Guid(cbe98290a6823ad40b867a52ae81c9ba) Importer(815301076,1909f56bfc062723c751e8b465ee728b)  -> (artifact id: '9bfca7064c95aafbe849e24981a230fa') in 0.070158 seconds 
========================================================================
Received Import Request.
  Time since last request: 8.177195 seconds.
  path: Assets/Resources/Images/win game-01.png
  artifactKey: Guid(cbe98290a6823ad40b867a52ae81c9ba) Importer(815301076,1909f56bfc062723c751e8b465ee728b)
Start importing Assets/Resources/Images/win game-01.png using Guid(cbe98290a6823ad40b867a52ae81c9ba) Importer(815301076,1909f56bfc062723c751e8b465ee728b)  -> (artifact id: '0ca40ff23d04a31e1ac695a15a3f0b87') in 0.100431 seconds 
========================================================================
Received Import Request.
  Time since last request: 126.015259 seconds.
  path: Assets/Scenes/muathu.unity
  artifactKey: Guid(f8890414e888f0347bfcb2db673121d2) Importer(815301076,1909f56bfc062723c751e8b465ee728b)
Start importing Assets/Scenes/muathu.unity using Guid(f8890414e888f0347bfcb2db673121d2) Importer(815301076,1909f56bfc062723c751e8b465ee728b)  -> (artifact id: 'e71ade6576a14865749b2b338b5c421d') in 0.011190 seconds 
========================================================================
Received Import Request.
  Time since last request: 9.766096 seconds.
  path: Assets/Scenes/muaxuan.unity
  artifactKey: Guid(af18c1e87fa8d5f4cb1928e1d8b3a14b) Importer(815301076,1909f56bfc062723c751e8b465ee728b)
Start importing Assets/Scenes/muaxuan.unity using Guid(af18c1e87fa8d5f4cb1928e1d8b3a14b) Importer(815301076,1909f56bfc062723c751e8b465ee728b)  -> (artifact id: 'c57e30d5999e5b3233bb02526471b4ff') in 0.005507 seconds 
========================================================================
Received Import Request.
  Time since last request: 9.138113 seconds.
  path: Assets/Scenes/muathu.unity
  artifactKey: Guid(f8890414e888f0347bfcb2db673121d2) Importer(815301076,1909f56bfc062723c751e8b465ee728b)
Start importing Assets/Scenes/muathu.unity using Guid(f8890414e888f0347bfcb2db673121d2) Importer(815301076,1909f56bfc062723c751e8b465ee728b)  -> (artifact id: 'f48e477eee956bd617a7987e016c180a') in 0.005942 seconds 
========================================================================
Received Import Request.
  Time since last request: 24.191705 seconds.
  path: Assets/Scenes/muadong.unity
  artifactKey: Guid(d33de2cb9160dea49b5583a89257581a) Importer(815301076,1909f56bfc062723c751e8b465ee728b)
Start importing Assets/Scenes/muadong.unity using Guid(d33de2cb9160dea49b5583a89257581a) Importer(815301076,1909f56bfc062723c751e8b465ee728b)  -> (artifact id: '1a69d6637b6bfb816725531041c4a08b') in 0.016410 seconds 
========================================================================
Received Import Request.
  Time since last request: 72.784429 seconds.
  path: Assets/Scenes/muaha.unity
  artifactKey: Guid(722b887a0d428d44695443fff3664694) Importer(815301076,1909f56bfc062723c751e8b465ee728b)
Start importing Assets/Scenes/muaha.unity using Guid(722b887a0d428d44695443fff3664694) Importer(815301076,1909f56bfc062723c751e8b465ee728b)  -> (artifact id: '7ae9d6f610914d67adca38e264e325fe') in 0.010233 seconds 
========================================================================
Received Import Request.
  Time since last request: 55.132464 seconds.
  path: Assets/Scenes/muathu.unity
  artifactKey: Guid(f8890414e888f0347bfcb2db673121d2) Importer(815301076,1909f56bfc062723c751e8b465ee728b)
Start importing Assets/Scenes/muathu.unity using Guid(f8890414e888f0347bfcb2db673121d2) Importer(815301076,1909f56bfc062723c751e8b465ee728b)  -> (artifact id: '6d6cb72b80af66e86417dd89a533b070') in 0.001930 seconds 
========================================================================
Received Import Request.
  Time since last request: 68.630031 seconds.
  path: Assets/Scenes/muathu.unity
  artifactKey: Guid(f8890414e888f0347bfcb2db673121d2) Importer(815301076,1909f56bfc062723c751e8b465ee728b)
Start importing Assets/Scenes/muathu.unity using Guid(f8890414e888f0347bfcb2db673121d2) Importer(815301076,1909f56bfc062723c751e8b465ee728b)  -> (artifact id: '6fe226ff97866d7a79824d3389c6f465') in 0.003820 seconds 
========================================================================
Received Prepare
Registering precompiled user dll's ...
Registered in 0.002635 seconds.
Begin MonoManager ReloadAssembly
Native extension for WindowsStandalone target not found
Native extension for Android target not found
Native extension for WebGL target not found
Refreshing native plugins compatible for Editor in 2.65 ms, found 3 plugins.
Preloading 0 native plugins for Editor in 0.00 ms.
Mono: successfully reloaded assembly
- Completed reload, in  2.701 seconds
Domain Reload Profiling:
	ReloadAssembly (2703ms)
		BeginReloadAssembly (275ms)
			ExecutionOrderSort (0ms)
			DisableScriptedObjects (18ms)
			BackupInstance (0ms)
			ReleaseScriptingObjects (0ms)
			CreateAndSetChildDomain (99ms)
		EndReloadAssembly (2260ms)
			LoadAssemblies (144ms)
			RebuildTransferFunctionScriptingTraits (0ms)
			SetupTypeCache (927ms)
				TypeCache.Initialize (921ms)
					TypeCache.ScanAssembly (912ms)
				ResolveRequiredComponents (6ms)
			ReleaseScriptCaches (3ms)
			RebuildScriptCaches (130ms)
			SetupLoadedEditorAssemblies (914ms)
				LogAssemblyErrors (0ms)
				InitializePlatformSupportModulesInManaged (61ms)
				SetLoadedEditorAssemblies (19ms)
				RefreshPlugins (3ms)
				BeforeProcessingInitializeOnLoad (131ms)
				ProcessInitializeOnLoadAttributes (602ms)
				ProcessInitializeOnLoadMethodAttributes (93ms)
				AfterProcessingInitializeOnLoad (6ms)
				EditorAssembliesLoaded (0ms)
			ExecutionOrderSort2 (0ms)
			AwakeInstancesAfterBackupRestoration (13ms)
Platform modules already initialized, skipping
Refreshing native plugins compatible for Editor in 3.44 ms, found 3 plugins.
Preloading 0 native plugins for Editor in 0.00 ms.
Unloading 2744 Unused Serialized files (Serialized files now loaded: 0)
Unloading 36 unused Assets / (105.8 KB). Loaded Objects now: 3266.
Memory consumption went from 452.5 MB to 452.4 MB.
Total: 13.762700 ms (FindLiveObjects: 1.481500 ms CreateObjectMapping: 0.922700 ms MarkObjects: 11.270400 ms  DeleteObjects: 0.085700 ms)

AssetImportParameters requested are different than current active one (requested -> active):
  custom:video-decoder-ogg-theora: a1e56fd34408186e4bbccfd4996cb3dc -> 
  custom:container-muxer-webm: aa71ff27fc2769a1b78a27578f13a17b -> 
  custom:container-demuxer-webm: 4f35f7cbe854078d1ac9338744f61a02 -> 
  custom:video-encoder-webm-vp8: eb34c28f22e8b96e1ab97ce403110664 -> 
  custom:audio-encoder-webm-vorbis: bf7c407c2cedff20999df2af8eb42d56 -> 
  custom:framework-win-MediaFoundation: 216162199b28c13a410421893ffa2e32 -> 
  custom:container-demuxer-ogg: 62fdf1f143b41e24485cea50d1cbac27 -> 
  custom:video-decoder-webm-vp8: 9c59270c3fd7afecdb556c50c9e8de78 -> 
  custom:audio-decoder-ogg-vorbis: bf7c407c2cedff20999df2af8eb42d56 -> 
========================================================================
Received Prepare
Registering precompiled user dll's ...
Registered in 0.003856 seconds.
Begin MonoManager ReloadAssembly
Native extension for WindowsStandalone target not found
Native extension for Android target not found
Native extension for WebGL target not found
Refreshing native plugins compatible for Editor in 0.67 ms, found 3 plugins.
Preloading 0 native plugins for Editor in 0.00 ms.
Mono: successfully reloaded assembly
- Completed reload, in  1.046 seconds
Domain Reload Profiling:
	ReloadAssembly (1047ms)
		BeginReloadAssembly (170ms)
			ExecutionOrderSort (0ms)
			DisableScriptedObjects (11ms)
			BackupInstance (0ms)
			ReleaseScriptingObjects (0ms)
			CreateAndSetChildDomain (38ms)
		EndReloadAssembly (783ms)
			LoadAssemblies (101ms)
			RebuildTransferFunctionScriptingTraits (0ms)
			SetupTypeCache (238ms)
				TypeCache.Initialize (234ms)
					TypeCache.ScanAssembly (229ms)
				ResolveRequiredComponents (4ms)
			ReleaseScriptCaches (1ms)
			RebuildScriptCaches (43ms)
			SetupLoadedEditorAssemblies (357ms)
				LogAssemblyErrors (0ms)
				InitializePlatformSupportModulesInManaged (20ms)
				SetLoadedEditorAssemblies (6ms)
				RefreshPlugins (1ms)
				BeforeProcessingInitializeOnLoad (51ms)
				ProcessInitializeOnLoadAttributes (242ms)
				ProcessInitializeOnLoadMethodAttributes (33ms)
				AfterProcessingInitializeOnLoad (4ms)
				EditorAssembliesLoaded (0ms)
			ExecutionOrderSort2 (0ms)
			AwakeInstancesAfterBackupRestoration (10ms)
Platform modules already initialized, skipping
Refreshing native plugins compatible for Editor in 2.38 ms, found 3 plugins.
Preloading 0 native plugins for Editor in 0.00 ms.
Unloading 2745 Unused Serialized files (Serialized files now loaded: 0)
Unloading 36 unused Assets / (112.9 KB). Loaded Objects now: 3281.
Memory consumption went from 452.7 MB to 452.6 MB.
Total: 3.236700 ms (FindLiveObjects: 0.282600 ms CreateObjectMapping: 0.163500 ms MarkObjects: 2.649300 ms  DeleteObjects: 0.140100 ms)

AssetImportParameters requested are different than current active one (requested -> active):
  custom:video-decoder-ogg-theora: a1e56fd34408186e4bbccfd4996cb3dc -> 
  custom:container-muxer-webm: aa71ff27fc2769a1b78a27578f13a17b -> 
  custom:container-demuxer-webm: 4f35f7cbe854078d1ac9338744f61a02 -> 
  custom:video-encoder-webm-vp8: eb34c28f22e8b96e1ab97ce403110664 -> 
  custom:audio-encoder-webm-vorbis: bf7c407c2cedff20999df2af8eb42d56 -> 
  custom:framework-win-MediaFoundation: 216162199b28c13a410421893ffa2e32 -> 
  custom:container-demuxer-ogg: 62fdf1f143b41e24485cea50d1cbac27 -> 
  custom:video-decoder-webm-vp8: 9c59270c3fd7afecdb556c50c9e8de78 -> 
  custom:audio-decoder-ogg-vorbis: bf7c407c2cedff20999df2af8eb42d56 -> 
========================================================================
Received Import Request.
  Time since last request: 107.327619 seconds.
  path: Assets/Scenes/SceneBC.unity
  artifactKey: Guid(cb3419e54d6e9e94482bee06770545de) Importer(815301076,1909f56bfc062723c751e8b465ee728b)
Start importing Assets/Scenes/SceneBC.unity using Guid(cb3419e54d6e9e94482bee06770545de) Importer(815301076,1909f56bfc062723c751e8b465ee728b)  -> (artifact id: '3ff0af831fbfdf4041335b5d287322f0') in 0.008386 seconds 
========================================================================
Received Prepare
Registering precompiled user dll's ...
Registered in 0.004119 seconds.
Begin MonoManager ReloadAssembly
Native extension for WindowsStandalone target not found
Native extension for Android target not found
Native extension for WebGL target not found
Refreshing native plugins compatible for Editor in 2.98 ms, found 3 plugins.
Preloading 0 native plugins for Editor in 0.00 ms.
Mono: successfully reloaded assembly
- Completed reload, in  1.551 seconds
Domain Reload Profiling:
	ReloadAssembly (1552ms)
		BeginReloadAssembly (135ms)
			ExecutionOrderSort (0ms)
			DisableScriptedObjects (6ms)
			BackupInstance (0ms)
			ReleaseScriptingObjects (0ms)
			CreateAndSetChildDomain (48ms)
		EndReloadAssembly (1324ms)
			LoadAssemblies (75ms)
			RebuildTransferFunctionScriptingTraits (0ms)
			SetupTypeCache (221ms)
				TypeCache.Initialize (217ms)
					TypeCache.ScanAssembly (210ms)
				ResolveRequiredComponents (4ms)
			ReleaseScriptCaches (4ms)
			RebuildScriptCaches (152ms)
			SetupLoadedEditorAssemblies (676ms)
				LogAssemblyErrors (0ms)
				InitializePlatformSupportModulesInManaged (71ms)
				SetLoadedEditorAssemblies (18ms)
				RefreshPlugins (3ms)
				BeforeProcessingInitializeOnLoad (141ms)
				ProcessInitializeOnLoadAttributes (408ms)
				ProcessInitializeOnLoadMethodAttributes (31ms)
				AfterProcessingInitializeOnLoad (4ms)
				EditorAssembliesLoaded (0ms)
			ExecutionOrderSort2 (0ms)
			AwakeInstancesAfterBackupRestoration (7ms)
Platform modules already initialized, skipping
Refreshing native plugins compatible for Editor in 2.25 ms, found 3 plugins.
Preloading 0 native plugins for Editor in 0.00 ms.
Unloading 2744 Unused Serialized files (Serialized files now loaded: 0)
Unloading 36 unused Assets / (105.8 KB). Loaded Objects now: 3296.
Memory consumption went from 452.5 MB to 452.4 MB.
Total: 3.000100 ms (FindLiveObjects: 0.238000 ms CreateObjectMapping: 0.156000 ms MarkObjects: 2.557500 ms  DeleteObjects: 0.047800 ms)

AssetImportParameters requested are different than current active one (requested -> active):
  custom:video-decoder-ogg-theora: a1e56fd34408186e4bbccfd4996cb3dc -> 
  custom:container-muxer-webm: aa71ff27fc2769a1b78a27578f13a17b -> 
  custom:container-demuxer-webm: 4f35f7cbe854078d1ac9338744f61a02 -> 
  custom:video-encoder-webm-vp8: eb34c28f22e8b96e1ab97ce403110664 -> 
  custom:audio-encoder-webm-vorbis: bf7c407c2cedff20999df2af8eb42d56 -> 
  custom:framework-win-MediaFoundation: 216162199b28c13a410421893ffa2e32 -> 
  custom:container-demuxer-ogg: 62fdf1f143b41e24485cea50d1cbac27 -> 
  custom:video-decoder-webm-vp8: 9c59270c3fd7afecdb556c50c9e8de78 -> 
  custom:audio-decoder-ogg-vorbis: bf7c407c2cedff20999df2af8eb42d56 -> 
========================================================================
Received Import Request.
  Time since last request: 23.565709 seconds.
  path: Assets/Scenes/muathu.unity
  artifactKey: Guid(f8890414e888f0347bfcb2db673121d2) Importer(815301076,1909f56bfc062723c751e8b465ee728b)
Start importing Assets/Scenes/muathu.unity using Guid(f8890414e888f0347bfcb2db673121d2) Importer(815301076,1909f56bfc062723c751e8b465ee728b)  -> (artifact id: '0bb9c0ff1c20ad72c9b7eb42fc0a3717') in 0.011583 seconds 
========================================================================
Received Import Request.
  Time since last request: 39.985290 seconds.
  path: Assets/Scenes/muaha.unity
  artifactKey: Guid(722b887a0d428d44695443fff3664694) Importer(815301076,1909f56bfc062723c751e8b465ee728b)
Start importing Assets/Scenes/muaha.unity using Guid(722b887a0d428d44695443fff3664694) Importer(815301076,1909f56bfc062723c751e8b465ee728b)  -> (artifact id: 'b886d9e41b52422710ecab4bfc121583') in 0.010834 seconds 
========================================================================
Received Import Request.
  Time since last request: 12.017355 seconds.
  path: Assets/Scenes/muadong.unity
  artifactKey: Guid(d33de2cb9160dea49b5583a89257581a) Importer(815301076,1909f56bfc062723c751e8b465ee728b)
Start importing Assets/Scenes/muadong.unity using Guid(d33de2cb9160dea49b5583a89257581a) Importer(815301076,1909f56bfc062723c751e8b465ee728b)  -> (artifact id: 'fb34de3e2518ebbc3ed19706e08f3508') in 0.010182 seconds 
========================================================================
Received Import Request.
  Time since last request: 25.939747 seconds.
  path: Assets/Scenes/muathu.unity
  artifactKey: Guid(f8890414e888f0347bfcb2db673121d2) Importer(815301076,1909f56bfc062723c751e8b465ee728b)
Start importing Assets/Scenes/muathu.unity using Guid(f8890414e888f0347bfcb2db673121d2) Importer(815301076,1909f56bfc062723c751e8b465ee728b)  -> (artifact id: 'f7f866f04ba1846cf5ad08966a7afed6') in 0.010820 seconds 
========================================================================
Received Import Request.
  Time since last request: 143.128362 seconds.
  path: Assets/Resources/Images/f732bd65b44d74132d5c.jpg
  artifactKey: Guid(f47254be5fd5592459132aa34ae8fdc1) Importer(815301076,1909f56bfc062723c751e8b465ee728b)
Start importing Assets/Resources/Images/f732bd65b44d74132d5c.jpg using Guid(f47254be5fd5592459132aa34ae8fdc1) Importer(815301076,1909f56bfc062723c751e8b465ee728b)  -> (artifact id: 'f9533b0bd3072632d332bb1b97c0d786') in 0.367416 seconds 
========================================================================
Received Prepare
Refreshing native plugins compatible for Editor in 4.64 ms, found 3 plugins.
Preloading 0 native plugins for Editor in 0.00 ms.
Unloading 35 Unused Serialized files (Serialized files now loaded: 0)
Unloading 36 unused Assets / (103.1 KB). Loaded Objects now: 3299.
Memory consumption went from 86.2 MB to 86.1 MB.
Total: 3.883500 ms (FindLiveObjects: 0.229800 ms CreateObjectMapping: 0.118500 ms MarkObjects: 3.485400 ms  DeleteObjects: 0.048900 ms)

AssetImportParameters requested are different than current active one (requested -> active):
  custom:graphics/hdr-cubemap-encoding: 03000000000000000000000000000000 -> 01000000000000000000000000000000
  custom:video-decoder-ogg-theora: a1e56fd34408186e4bbccfd4996cb3dc -> 
  custom:container-muxer-webm: aa71ff27fc2769a1b78a27578f13a17b -> 
  custom:container-demuxer-webm: 4f35f7cbe854078d1ac9338744f61a02 -> 
  custom:video-encoder-webm-vp8: eb34c28f22e8b96e1ab97ce403110664 -> 
  custom:audio-encoder-webm-vorbis: bf7c407c2cedff20999df2af8eb42d56 -> 
  custom:framework-win-MediaFoundation: 216162199b28c13a410421893ffa2e32 -> 
  custom:container-demuxer-ogg: 62fdf1f143b41e24485cea50d1cbac27 -> 
  custom:video-decoder-webm-vp8: 9c59270c3fd7afecdb556c50c9e8de78 -> 
  custom:audio-decoder-ogg-vorbis: bf7c407c2cedff20999df2af8eb42d56 -> 
========================================================================
Received Prepare
Refreshing native plugins compatible for Editor in 4.23 ms, found 3 plugins.
Preloading 0 native plugins for Editor in 0.00 ms.
Unloading 36 Unused Serialized files (Serialized files now loaded: 0)
Unloading 36 unused Assets / (110.2 KB). Loaded Objects now: 3299.
Memory consumption went from 86.4 MB to 86.3 MB.
Total: 5.190300 ms (FindLiveObjects: 0.271300 ms CreateObjectMapping: 0.139700 ms MarkObjects: 4.727200 ms  DeleteObjects: 0.050900 ms)

AssetImportParameters requested are different than current active one (requested -> active):
  custom:video-decoder-ogg-theora: a1e56fd34408186e4bbccfd4996cb3dc -> 
  custom:container-muxer-webm: aa71ff27fc2769a1b78a27578f13a17b -> 
  custom:container-demuxer-webm: 4f35f7cbe854078d1ac9338744f61a02 -> 
  custom:video-encoder-webm-vp8: eb34c28f22e8b96e1ab97ce403110664 -> 
  custom:audio-encoder-webm-vorbis: bf7c407c2cedff20999df2af8eb42d56 -> 
  custom:framework-win-MediaFoundation: 216162199b28c13a410421893ffa2e32 -> 
  custom:container-demuxer-ogg: 62fdf1f143b41e24485cea50d1cbac27 -> 
  custom:video-decoder-webm-vp8: 9c59270c3fd7afecdb556c50c9e8de78 -> 
  custom:audio-decoder-ogg-vorbis: bf7c407c2cedff20999df2af8eb42d56 -> 
